# JRE version: OpenJDK Runtime Environment (8.0_242-b01) (build 1.8.0_242-release-1644-b01)
# Java VM: OpenJDK 64-Bit Server VM (25.242-b01 mixed mode windows-amd64 compressed oops)
Heap:
 PSYoungGen      total 124416K, used 90587K [0x00000000d5580000, 0x00000000e0200000, 0x0000000100000000)
  eden space 111104K, 81% used [0x00000000d5580000,0x00000000dadf6e10,0x00000000dc200000)
  from space 13312K, 0% used [0x00000000dc200000,0x00000000dc200000,0x00000000dcf00000)
  to   space 13312K, 0% used [0x00000000df500000,0x00000000df500000,0x00000000e0200000)
 ParOldGen       total 76800K, used 33034K [0x0000000080000000, 0x0000000084b00000, 0x00000000d5580000)
  object space 76800K, 43% used [0x0000000080000000,0x0000000082042828,0x0000000084b00000)
 Metaspace       used 62940K, capacity 65376K, committed 65496K, reserved 1105920K
  class space    used 8640K, capacity 9135K, committed 9216K, reserved 1048576K
GC Heap History (10 events):
Event: 186.035 GC heap before
{Heap before GC invocations=16 (full 2):
 PSYoungGen      total 57856K, used 50802K [0x00000000d5580000, 0x00000000db180000, 0x0000000100000000)
  eden space 47104K, 100% used [0x00000000d5580000,0x00000000d8380000,0x00000000d8380000)
  from space 10752K, 34% used [0x00000000d8380000,0x00000000d871ca70,0x00000000d8e00000)
  to   space 10240K, 0% used [0x00000000da780000,0x00000000da780000,0x00000000db180000)
 ParOldGen       total 53248K, used 14026K [0x0000000080000000, 0x0000000083400000, 0x00000000d5580000)
  object space 53248K, 26% used [0x0000000080000000,0x0000000080db2ae0,0x0000000083400000)
 Metaspace       used 37553K, capacity 39070K, committed 39256K, reserved 1083392K
  class space    used 5145K, capacity 5443K, committed 5504K, reserved 1048576K
Event: 186.042 GC heap after
Heap after GC invocations=16 (full 2):
 PSYoungGen      total 81920K, used 3584K [0x00000000d5580000, 0x00000000db000000, 0x0000000100000000)
  eden space 73216K, 0% used [0x00000000d5580000,0x00000000d5580000,0x00000000d9d00000)
  from space 8704K, 41% used [0x00000000da780000,0x00000000dab00000,0x00000000db000000)
  to   space 9728K, 0% used [0x00000000d9d00000,0x00000000d9d00000,0x00000000da680000)
 ParOldGen       total 53248K, used 15396K [0x0000000080000000, 0x0000000083400000, 0x00000000d5580000)
  object space 53248K, 28% used [0x0000000080000000,0x0000000080f09390,0x0000000083400000)
 Metaspace       used 37553K, capacity 39070K, committed 39256K, reserved 1083392K
  class space    used 5145K, capacity 5443K, committed 5504K, reserved 1048576K
}
Event: 187.322 GC heap before
{Heap before GC invocations=17 (full 2):
 PSYoungGen      total 81920K, used 76800K [0x00000000d5580000, 0x00000000db000000, 0x0000000100000000)
  eden space 73216K, 100% used [0x00000000d5580000,0x00000000d9d00000,0x00000000d9d00000)
  from space 8704K, 41% used [0x00000000da780000,0x00000000dab00000,0x00000000db000000)
  to   space 9728K, 0% used [0x00000000d9d00000,0x00000000d9d00000,0x00000000da680000)
 ParOldGen       total 53248K, used 15396K [0x0000000080000000, 0x0000000083400000, 0x00000000d5580000)
  object space 53248K, 28% used [0x0000000080000000,0x0000000080f09390,0x0000000083400000)
 Metaspace       used 46005K, capacity 47878K, committed 48088K, reserved 1091584K
  class space    used 6196K, capacity 6557K, committed 6656K, reserved 1048576K
Event: 187.355 GC heap after
Heap after GC invocations=17 (full 2):
 PSYoungGen      total 82944K, used 9721K [0x00000000d5580000, 0x00000000ddb00000, 0x0000000100000000)
  eden space 73216K, 0% used [0x00000000d5580000,0x00000000d5580000,0x00000000d9d00000)
  from space 9728K, 99% used [0x00000000d9d00000,0x00000000da67e600,0x00000000da680000)
  to   space 12288K, 0% used [0x00000000dcf00000,0x00000000dcf00000,0x00000000ddb00000)
 ParOldGen       total 53248K, used 18574K [0x0000000080000000, 0x0000000083400000, 0x00000000d5580000)
  object space 53248K, 34% used [0x0000000080000000,0x0000000081223a50,0x0000000083400000)
 Metaspace       used 46005K, capacity 47878K, committed 48088K, reserved 1091584K
  class space    used 6196K, capacity 6557K, committed 6656K, reserved 1048576K
}
Event: 188.449 GC heap before
{Heap before GC invocations=18 (full 2):
 PSYoungGen      total 82944K, used 82937K [0x00000000d5580000, 0x00000000ddb00000, 0x0000000100000000)
  eden space 73216K, 100% used [0x00000000d5580000,0x00000000d9d00000,0x00000000d9d00000)
  from space 9728K, 99% used [0x00000000d9d00000,0x00000000da67e600,0x00000000da680000)
  to   space 12288K, 0% used [0x00000000dcf00000,0x00000000dcf00000,0x00000000ddb00000)
 ParOldGen       total 53248K, used 18574K [0x0000000080000000, 0x0000000083400000, 0x00000000d5580000)
  object space 53248K, 34% used [0x0000000080000000,0x0000000081223a50,0x0000000083400000)
 Metaspace       used 52710K, capacity 54622K, committed 54744K, reserved 1097728K
  class space    used 6989K, capacity 7389K, committed 7424K, reserved 1048576K
Event: 188.474 GC heap after
Heap after GC invocations=18 (full 2):
 PSYoungGen      total 123392K, used 9107K [0x00000000d5580000, 0x00000000ddc00000, 0x0000000100000000)
  eden space 111104K, 0% used [0x00000000d5580000,0x00000000d5580000,0x00000000dc200000)
  from space 12288K, 74% used [0x00000000dcf00000,0x00000000dd7e4fd0,0x00000000ddb00000)
  to   space 13312K, 0% used [0x00000000dc200000,0x00000000dc200000,0x00000000dcf00000)
 ParOldGen       total 53248K, used 22446K [0x0000000080000000, 0x0000000083400000, 0x00000000d5580000)
  object space 53248K, 42% used [0x0000000080000000,0x00000000815eba28,0x0000000083400000)
 Metaspace       used 52710K, capacity 54622K, committed 54744K, reserved 1097728K
  class space    used 6989K, capacity 7389K, committed 7424K, reserved 1048576K
}
Event: 189.354 GC heap before
{Heap before GC invocations=19 (full 2):
 PSYoungGen      total 123392K, used 69685K [0x00000000d5580000, 0x00000000ddc00000, 0x0000000100000000)
  eden space 111104K, 54% used [0x00000000d5580000,0x00000000d90a87b8,0x00000000dc200000)
  from space 12288K, 74% used [0x00000000dcf00000,0x00000000dd7e4fd0,0x00000000ddb00000)
  to   space 13312K, 0% used [0x00000000dc200000,0x00000000dc200000,0x00000000dcf00000)
 ParOldGen       total 53248K, used 22446K [0x0000000080000000, 0x0000000083400000, 0x00000000d5580000)
  object space 53248K, 42% used [0x0000000080000000,0x00000000815eba28,0x0000000083400000)
 Metaspace       used 56710K, capacity 58942K, committed 59028K, reserved 1099776K
  class space    used 7663K, capacity 8122K, committed 8192K, reserved 1048576K
Event: 189.447 GC heap after
Heap after GC invocations=19 (full 2):
 PSYoungGen      total 124416K, used 7910K [0x00000000d5580000, 0x00000000e0200000, 0x0000000100000000)
  eden space 111104K, 0% used [0x00000000d5580000,0x00000000d5580000,0x00000000dc200000)
  from space 13312K, 59% used [0x00000000dc200000,0x00000000dc9b9b30,0x00000000dcf00000)
  to   space 13312K, 0% used [0x00000000df500000,0x00000000df500000,0x00000000e0200000)
 ParOldGen       total 53248K, used 26532K [0x0000000080000000, 0x0000000083400000, 0x00000000d5580000)
  object space 53248K, 49% used [0x0000000080000000,0x00000000819e9068,0x0000000083400000)
 Metaspace       used 56710K, capacity 58942K, committed 59028K, reserved 1099776K
  class space    used 7663K, capacity 8122K, committed 8192K, reserved 1048576K
}
Event: 189.448 GC heap before
{Heap before GC invocations=20 (full 3):
 PSYoungGen      total 124416K, used 7910K [0x00000000d5580000, 0x00000000e0200000, 0x0000000100000000)
  eden space 111104K, 0% used [0x00000000d5580000,0x00000000d5580000,0x00000000dc200000)
  from space 13312K, 59% used [0x00000000dc200000,0x00000000dc9b9b30,0x00000000dcf00000)
  to   space 13312K, 0% used [0x00000000df500000,0x00000000df500000,0x00000000e0200000)
 ParOldGen       total 53248K, used 26532K [0x0000000080000000, 0x0000000083400000, 0x00000000d5580000)
  object space 53248K, 49% used [0x0000000080000000,0x00000000819e9068,0x0000000083400000)
 Metaspace       used 56710K, capacity 58942K, committed 59028K, reserved 1099776K
  class space    used 7663K, capacity 8122K, committed 8192K, reserved 1048576K
Event: 189.741 GC heap after
Heap after GC invocations=20 (full 3):
 PSYoungGen      total 124416K, used 0K [0x00000000d5580000, 0x00000000e0200000, 0x0000000100000000)
  eden space 111104K, 0% used [0x00000000d5580000,0x00000000d5580000,0x00000000dc200000)
  from space 13312K, 0% used [0x00000000dc200000,0x00000000dc200000,0x00000000dcf00000)
  to   space 13312K, 0% used [0x00000000df500000,0x00000000df500000,0x00000000e0200000)
 ParOldGen       total 76800K, used 33034K [0x0000000080000000, 0x0000000084b00000, 0x00000000d5580000)
  object space 76800K, 43% used [0x0000000080000000,0x0000000082042828,0x0000000084b00000)
 Metaspace       used 56702K, capacity 58918K, committed 59028K, reserved 1099776K
  class space    used 7661K, capacity 8118K, committed 8192K, reserved 1048576K
}

